{
"contracts\\codex\\CodexAchievements.sol":{"l":{"21":0,"22":0,"24":0,"26":0,"44":0,"45":0,"46":0,"47":0,"48":0,"49":0,"50":0,"51":0,"68":0,"69":0,"70":0,"71":0,"72":0,"73":0,"74":0,"75":0},"path":"C:\\Users\\Administrator\\Downloads\\project\\GreedyIsland\\contracts\\codex\\CodexAchievements.sol","s":{"1":0,"2":0,"3":0,"4":0,"5":0,"6":0},"b":{"1":[0,0],"2":[0,0],"3":[0,0]},"f":{"1":0,"2":0,"3":0},"fnMap":{"1":{"name":"achievement_by_id","line":7,"loc":{"start":{"line":7,"column":4},"end":{"line":28,"column":4}}},"2":{"name":"walkthourgh_chapter0","line":30,"loc":{"start":{"line":30,"column":4},"end":{"line":52,"column":4}}},"3":{"name":"wander","line":54,"loc":{"start":{"line":54,"column":4},"end":{"line":76,"column":4}}}},"statementMap":{"1":{"start":{"line":21,"column":8},"end":{"line":21,"column":518}},"2":{"start":{"line":22,"column":12},"end":{"line":22,"column":41}},"3":{"start":{"line":23,"column":15},"end":{"line":23,"column":594}},"4":{"start":{"line":24,"column":12},"end":{"line":24,"column":27}},"5":{"start":{"line":25,"column":15},"end":{"line":25,"column":656}},"6":{"start":{"line":26,"column":12},"end":{"line":26,"column":27}}},"branchMap":{"1":{"line":21,"type":"if","locations":[{"start":{"line":21,"column":8},"end":{"line":21,"column":8}},{"start":{"line":21,"column":8},"end":{"line":21,"column":8}}]},"2":{"line":23,"type":"if","locations":[{"start":{"line":23,"column":15},"end":{"line":23,"column":15}},{"start":{"line":23,"column":15},"end":{"line":23,"column":15}}]},"3":{"line":25,"type":"if","locations":[{"start":{"line":25,"column":15},"end":{"line":25,"column":15}},{"start":{"line":25,"column":15},"end":{"line":25,"column":15}}]}}},
"contracts\\codex\\CodexBaseRandom.sol":{"l":{"9":0,"13":0,"17":0,"21":0,"25":0,"29":0,"33":0,"37":0,"41":0,"45":0},"path":"C:\\Users\\Administrator\\Downloads\\project\\GreedyIsland\\contracts\\codex\\CodexBaseRandom.sol","s":{"1":0,"2":0,"3":0,"4":0,"5":0,"6":0,"7":0,"8":0,"9":0},"b":{},"f":{"1":0,"2":0,"3":0,"4":0,"5":0,"6":0,"7":0,"8":0,"9":0,"10":0},"fnMap":{"1":{"name":"d100","line":8,"loc":{"start":{"line":8,"column":4},"end":{"line":10,"column":4}}},"2":{"name":"d20","line":12,"loc":{"start":{"line":12,"column":4},"end":{"line":14,"column":4}}},"3":{"name":"d12","line":16,"loc":{"start":{"line":16,"column":4},"end":{"line":18,"column":4}}},"4":{"name":"d10","line":20,"loc":{"start":{"line":20,"column":4},"end":{"line":22,"column":4}}},"5":{"name":"d8","line":24,"loc":{"start":{"line":24,"column":4},"end":{"line":26,"column":4}}},"6":{"name":"d6","line":28,"loc":{"start":{"line":28,"column":4},"end":{"line":30,"column":4}}},"7":{"name":"d4","line":32,"loc":{"start":{"line":32,"column":4},"end":{"line":34,"column":4}}},"8":{"name":"dn","line":36,"loc":{"start":{"line":36,"column":4},"end":{"line":38,"column":4}}},"9":{"name":"_random","line":40,"loc":{"start":{"line":40,"column":4},"end":{"line":42,"column":4}}},"10":{"name":"_seed","line":44,"loc":{"start":{"line":44,"column":4},"end":{"line":55,"column":4}}}},"statementMap":{"1":{"start":{"line":9,"column":8},"end":{"line":9,"column":33}},"2":{"start":{"line":13,"column":8},"end":{"line":13,"column":32}},"3":{"start":{"line":17,"column":8},"end":{"line":17,"column":32}},"4":{"start":{"line":21,"column":8},"end":{"line":21,"column":32}},"5":{"start":{"line":25,"column":8},"end":{"line":25,"column":31}},"6":{"start":{"line":29,"column":8},"end":{"line":29,"column":31}},"7":{"start":{"line":33,"column":8},"end":{"line":33,"column":31}},"8":{"start":{"line":37,"column":8},"end":{"line":37,"column":41}},"9":{"start":{"line":41,"column":8},"end":{"line":41,"column":58}}},"branchMap":{}},
"contracts\\codex\\CodexEvents.sol":{"l":{"21":0,"22":0,"24":0,"26":0,"44":0,"45":0,"46":0,"47":0,"48":0,"49":0,"50":0,"51":0,"68":0,"69":0,"70":0,"71":0,"72":0,"73":0,"74":0,"75":0,"92":0,"93":0,"94":0,"95":0},"path":"C:\\Users\\Administrator\\Downloads\\project\\GreedyIsland\\contracts\\codex\\CodexEvents.sol","s":{"1":0,"2":0,"3":0,"4":0,"5":0,"6":0},"b":{"1":[0,0],"2":[0,0],"3":[0,0]},"f":{"1":0,"2":0,"3":0,"4":0},"fnMap":{"1":{"name":"event_by_id","line":7,"loc":{"start":{"line":7,"column":4},"end":{"line":28,"column":4}}},"2":{"name":"find_the_door","line":30,"loc":{"start":{"line":30,"column":4},"end":{"line":52,"column":4}}},"3":{"name":"find_key","line":54,"loc":{"start":{"line":54,"column":4},"end":{"line":76,"column":4}}},"4":{"name":"wander","line":78,"loc":{"start":{"line":78,"column":4},"end":{"line":96,"column":4}}}},"statementMap":{"1":{"start":{"line":21,"column":8},"end":{"line":21,"column":530}},"2":{"start":{"line":22,"column":12},"end":{"line":22,"column":34}},"3":{"start":{"line":23,"column":15},"end":{"line":23,"column":599}},"4":{"start":{"line":24,"column":12},"end":{"line":24,"column":29}},"5":{"start":{"line":25,"column":15},"end":{"line":25,"column":663}},"6":{"start":{"line":26,"column":12},"end":{"line":26,"column":27}}},"branchMap":{"1":{"line":21,"type":"if","locations":[{"start":{"line":21,"column":8},"end":{"line":21,"column":8}},{"start":{"line":21,"column":8},"end":{"line":21,"column":8}}]},"2":{"line":23,"type":"if","locations":[{"start":{"line":23,"column":15},"end":{"line":23,"column":15}},{"start":{"line":23,"column":15},"end":{"line":23,"column":15}}]},"3":{"line":25,"type":"if","locations":[{"start":{"line":25,"column":15},"end":{"line":25,"column":15}},{"start":{"line":25,"column":15},"end":{"line":25,"column":15}}]}}},
"contracts\\core\\Achievements.sol":{"l":{"42":0,"43":0,"44":0,"45":0,"47":0,"55":0,"59":0},"path":"C:\\Users\\Administrator\\Downloads\\project\\GreedyIsland\\contracts\\core\\Achievements.sol","s":{"1":0,"2":0,"3":0,"4":0,"5":0,"6":0},"b":{"1":[0,0],"2":[0,0],"3":[0,0]},"f":{"1":0,"2":0,"3":0},"fnMap":{"1":{"name":"set_achievements","line":39,"loc":{"start":{"line":39,"column":4},"end":{"line":48,"column":4}}},"2":{"name":"get_achievements","line":50,"loc":{"start":{"line":50,"column":4},"end":{"line":56,"column":4}}},"3":{"name":"_isApprovedOrOwner","line":58,"loc":{"start":{"line":58,"column":4},"end":{"line":62,"column":4}}}},"statementMap":{"1":{"start":{"line":42,"column":8},"end":{"line":42,"column":45}},"2":{"start":{"line":43,"column":8},"end":{"line":43,"column":72}},"3":{"start":{"line":44,"column":8},"end":{"line":44,"column":1336}},"4":{"start":{"line":45,"column":12},"end":{"line":45,"column":64}},"5":{"start":{"line":55,"column":8},"end":{"line":55,"column":38}},"6":{"start":{"line":59,"column":8},"end":{"line":59,"column":1811}}},"branchMap":{"1":{"line":42,"type":"if","locations":[{"start":{"line":42,"column":8},"end":{"line":42,"column":8}},{"start":{"line":42,"column":8},"end":{"line":42,"column":8}}]},"2":{"line":45,"type":"if","locations":[{"start":{"line":45,"column":12},"end":{"line":45,"column":12}},{"start":{"line":45,"column":12},"end":{"line":45,"column":12}}]},"3":{"line":60,"type":"cond-expr","locations":[{"start":{"line":60,"column":12},"end":{"line":60,"column":55}},{"start":{"line":61,"column":12},"end":{"line":61,"column":51}}]}}},
"contracts\\core\\Actions.sol":{"l":{"32":0,"43":0},"path":"C:\\Users\\Administrator\\Downloads\\project\\GreedyIsland\\contracts\\core\\Actions.sol","s":{"1":0,"2":0},"b":{"1":[0,0],"2":[0,0]},"f":{"1":0,"2":0},"fnMap":{"1":{"name":"adventure","line":31,"loc":{"start":{"line":31,"column":4},"end":{"line":40,"column":4}}},"2":{"name":"_isApprovedOrOwner","line":42,"loc":{"start":{"line":42,"column":4},"end":{"line":46,"column":4}}}},"statementMap":{"1":{"start":{"line":32,"column":8},"end":{"line":32,"column":43}},"2":{"start":{"line":43,"column":8},"end":{"line":43,"column":1362}}},"branchMap":{"1":{"line":32,"type":"if","locations":[{"start":{"line":32,"column":8},"end":{"line":32,"column":8}},{"start":{"line":32,"column":8},"end":{"line":32,"column":8}}]},"2":{"line":44,"type":"cond-expr","locations":[{"start":{"line":44,"column":12},"end":{"line":44,"column":56}},{"start":{"line":45,"column":12},"end":{"line":45,"column":52}}]}}},
"contracts\\core\\BaseAttributes.sol":{"l":{"36":0,"38":0,"39":0,"40":0,"41":0,"42":0,"43":0,"44":0,"45":0,"54":0,"58":0},"path":"C:\\Users\\Administrator\\Downloads\\project\\GreedyIsland\\contracts\\core\\BaseAttributes.sol","s":{"1":0,"2":0},"b":{"1":[0,0],"2":[0,0]},"f":{"1":0,"2":0,"3":0},"fnMap":{"1":{"name":"update_appearance","line":33,"loc":{"start":{"line":33,"column":4},"end":{"line":46,"column":4}}},"2":{"name":"get_appearance","line":49,"loc":{"start":{"line":49,"column":4},"end":{"line":55,"column":4}}},"3":{"name":"_isApprovedOrOwner","line":57,"loc":{"start":{"line":57,"column":4},"end":{"line":61,"column":4}}}},"statementMap":{"1":{"start":{"line":36,"column":8},"end":{"line":36,"column":43}},"2":{"start":{"line":58,"column":8},"end":{"line":58,"column":1850}}},"branchMap":{"1":{"line":36,"type":"if","locations":[{"start":{"line":36,"column":8},"end":{"line":36,"column":8}},{"start":{"line":36,"column":8},"end":{"line":36,"column":8}}]},"2":{"line":59,"type":"cond-expr","locations":[{"start":{"line":59,"column":12},"end":{"line":59,"column":56}},{"start":{"line":60,"column":12},"end":{"line":60,"column":52}}]}}},
"contracts\\core\\Character.sol":{"l":{"28":1,"30":1,"31":1,"32":1,"33":1,"35":1,"36":1,"37":1,"41":0,"42":0,"43":0,"44":0,"45":0,"46":0,"50":0,"51":0,"52":0,"56":0,"57":0,"65":0,"66":0,"67":0,"76":0,"88":1,"89":1,"90":1},"path":"C:\\Users\\Administrator\\Downloads\\project\\GreedyIsland\\contracts\\core\\Character.sol","s":{"1":1,"2":1,"3":1,"4":1,"5":1,"6":0,"7":0,"8":0,"9":0,"10":0,"11":0,"12":0,"13":0},"b":{"1":[1,0],"2":[0,0],"3":[0,0],"4":[0,0]},"f":{"1":3,"2":1,"3":0,"4":0,"5":0,"6":0,"7":0,"8":1},"fnMap":{"1":{"name":"constructor","line":25,"loc":{"start":{"line":25,"column":4},"end":{"line":25,"column":49}}},"2":{"name":"summon","line":27,"loc":{"start":{"line":27,"column":4},"end":{"line":38,"column":4}}},"3":{"name":"level_up","line":40,"loc":{"start":{"line":40,"column":4},"end":{"line":47,"column":4}}},"4":{"name":"change_name","line":49,"loc":{"start":{"line":49,"column":4},"end":{"line":53,"column":4}}},"5":{"name":"spend_xp","line":55,"loc":{"start":{"line":55,"column":4},"end":{"line":58,"column":4}}},"6":{"name":"xp_required","line":60,"loc":{"start":{"line":60,"column":4},"end":{"line":69,"column":4}}},"7":{"name":"events_status","line":71,"loc":{"start":{"line":71,"column":4},"end":{"line":77,"column":4}}},"8":{"name":"hunter_info","line":79,"loc":{"start":{"line":79,"column":4},"end":{"line":91,"column":4}}}},"statementMap":{"1":{"start":{"line":28,"column":8},"end":{"line":28,"column":71}},"2":{"start":{"line":30,"column":8},"end":{"line":30,"column":53}},"3":{"start":{"line":35,"column":8},"end":{"line":35,"column":42}},"4":{"start":{"line":36,"column":8},"end":{"line":36,"column":47}},"5":{"start":{"line":37,"column":8},"end":{"line":37,"column":34}},"6":{"start":{"line":41,"column":8},"end":{"line":41,"column":55}},"7":{"start":{"line":42,"column":8},"end":{"line":42,"column":36}},"8":{"start":{"line":43,"column":8},"end":{"line":43,"column":47}},"9":{"start":{"line":46,"column":8},"end":{"line":46,"column":57}},"10":{"start":{"line":50,"column":8},"end":{"line":50,"column":55}},"11":{"start":{"line":52,"column":8},"end":{"line":52,"column":55}},"12":{"start":{"line":56,"column":8},"end":{"line":56,"column":55}},"13":{"start":{"line":66,"column":8},"end":{"line":66,"column":2319}}},"branchMap":{"1":{"line":28,"type":"if","locations":[{"start":{"line":28,"column":8},"end":{"line":28,"column":8}},{"start":{"line":28,"column":8},"end":{"line":28,"column":8}}]},"2":{"line":41,"type":"if","locations":[{"start":{"line":41,"column":8},"end":{"line":41,"column":8}},{"start":{"line":41,"column":8},"end":{"line":41,"column":8}}]},"3":{"line":50,"type":"if","locations":[{"start":{"line":50,"column":8},"end":{"line":50,"column":8}},{"start":{"line":50,"column":8},"end":{"line":50,"column":8}}]},"4":{"line":56,"type":"if","locations":[{"start":{"line":56,"column":8},"end":{"line":56,"column":8}},{"start":{"line":56,"column":8},"end":{"line":56,"column":8}}]}}},
"contracts\\core\\Events.sol":{"l":{"71":0,"72":0,"73":0,"74":0,"75":0,"80":0,"117":0},"path":"C:\\Users\\Administrator\\Downloads\\project\\GreedyIsland\\contracts\\core\\Events.sol","s":{"1":0,"2":0,"3":0,"4":0,"5":0},"b":{"1":[0,0],"2":[0,0]},"f":{"1":0,"2":0,"3":0},"fnMap":{"1":{"name":"generate_events","line":70,"loc":{"start":{"line":70,"column":4},"end":{"line":76,"column":4}}},"2":{"name":"get_events","line":79,"loc":{"start":{"line":79,"column":4},"end":{"line":81,"column":4}}},"3":{"name":"_isApprovedOrOwner","line":116,"loc":{"start":{"line":116,"column":4},"end":{"line":120,"column":4}}}},"statementMap":{"1":{"start":{"line":71,"column":8},"end":{"line":71,"column":43}},"2":{"start":{"line":72,"column":8},"end":{"line":72,"column":29}},"3":{"start":{"line":75,"column":8},"end":{"line":75,"column":49}},"4":{"start":{"line":80,"column":8},"end":{"line":80,"column":30}},"5":{"start":{"line":117,"column":8},"end":{"line":117,"column":3966}}},"branchMap":{"1":{"line":71,"type":"if","locations":[{"start":{"line":71,"column":8},"end":{"line":71,"column":8}},{"start":{"line":71,"column":8},"end":{"line":71,"column":8}}]},"2":{"line":118,"type":"cond-expr","locations":[{"start":{"line":118,"column":12},"end":{"line":118,"column":56}},{"start":{"line":119,"column":12},"end":{"line":119,"column":52}}]}}}}
