TN:
SF:C:\Users\Administrator\Downloads\project\GreedyIsland\contracts\codex\CodexAchievements.sol
FN:7,achievement_by_id
FN:30,walkthourgh_chapter0
FN:54,wander
FNF:3
FNH:0
FNDA:0,achievement_by_id
FNDA:0,walkthourgh_chapter0
FNDA:0,wander
DA:21,0
DA:22,0
DA:24,0
DA:26,0
DA:44,0
DA:45,0
DA:46,0
DA:47,0
DA:48,0
DA:49,0
DA:50,0
DA:51,0
DA:68,0
DA:69,0
DA:70,0
DA:71,0
DA:72,0
DA:73,0
DA:74,0
DA:75,0
LF:20
LH:0
BRDA:21,1,0,0
BRDA:21,1,1,0
BRDA:23,2,0,0
BRDA:23,2,1,0
BRDA:25,3,0,0
BRDA:25,3,1,0
BRF:6
BRH:0
end_of_record
TN:
SF:C:\Users\Administrator\Downloads\project\GreedyIsland\contracts\codex\CodexBaseRandom.sol
FN:8,d100
FN:12,d20
FN:16,d12
FN:20,d10
FN:24,d8
FN:28,d6
FN:32,d4
FN:36,dn
FN:40,_random
FN:44,_seed
FNF:10
FNH:0
FNDA:0,d100
FNDA:0,d20
FNDA:0,d12
FNDA:0,d10
FNDA:0,d8
FNDA:0,d6
FNDA:0,d4
FNDA:0,dn
FNDA:0,_random
FNDA:0,_seed
DA:9,0
DA:13,0
DA:17,0
DA:21,0
DA:25,0
DA:29,0
DA:33,0
DA:37,0
DA:41,0
DA:45,0
LF:10
LH:0
BRF:0
BRH:0
end_of_record
TN:
SF:C:\Users\Administrator\Downloads\project\GreedyIsland\contracts\codex\CodexEvents.sol
FN:7,event_by_id
FN:30,find_the_door
FN:54,find_key
FN:78,wander
FNF:4
FNH:0
FNDA:0,event_by_id
FNDA:0,find_the_door
FNDA:0,find_key
FNDA:0,wander
DA:21,0
DA:22,0
DA:24,0
DA:26,0
DA:44,0
DA:45,0
DA:46,0
DA:47,0
DA:48,0
DA:49,0
DA:50,0
DA:51,0
DA:68,0
DA:69,0
DA:70,0
DA:71,0
DA:72,0
DA:73,0
DA:74,0
DA:75,0
DA:92,0
DA:93,0
DA:94,0
DA:95,0
LF:24
LH:0
BRDA:21,1,0,0
BRDA:21,1,1,0
BRDA:23,2,0,0
BRDA:23,2,1,0
BRDA:25,3,0,0
BRDA:25,3,1,0
BRF:6
BRH:0
end_of_record
TN:
SF:C:\Users\Administrator\Downloads\project\GreedyIsland\contracts\core\Achievements.sol
FN:39,set_achievements
FN:50,get_achievements
FN:58,_isApprovedOrOwner
FNF:3
FNH:0
FNDA:0,set_achievements
FNDA:0,get_achievements
FNDA:0,_isApprovedOrOwner
DA:42,0
DA:43,0
DA:44,0
DA:45,0
DA:47,0
DA:55,0
DA:59,0
LF:7
LH:0
BRDA:42,1,0,0
BRDA:42,1,1,0
BRDA:45,2,0,0
BRDA:45,2,1,0
BRDA:60,3,0,0
BRDA:60,3,1,0
BRF:6
BRH:0
end_of_record
TN:
SF:C:\Users\Administrator\Downloads\project\GreedyIsland\contracts\core\Actions.sol
FN:31,adventure
FN:42,_isApprovedOrOwner
FNF:2
FNH:0
FNDA:0,adventure
FNDA:0,_isApprovedOrOwner
DA:32,0
DA:43,0
LF:2
LH:0
BRDA:32,1,0,0
BRDA:32,1,1,0
BRDA:44,2,0,0
BRDA:44,2,1,0
BRF:4
BRH:0
end_of_record
TN:
SF:C:\Users\Administrator\Downloads\project\GreedyIsland\contracts\core\BaseAttributes.sol
FN:33,update_appearance
FN:49,get_appearance
FN:57,_isApprovedOrOwner
FNF:3
FNH:0
FNDA:0,update_appearance
FNDA:0,get_appearance
FNDA:0,_isApprovedOrOwner
DA:36,0
DA:38,0
DA:39,0
DA:40,0
DA:41,0
DA:42,0
DA:43,0
DA:44,0
DA:45,0
DA:54,0
DA:58,0
LF:11
LH:0
BRDA:36,1,0,0
BRDA:36,1,1,0
BRDA:59,2,0,0
BRDA:59,2,1,0
BRF:4
BRH:0
end_of_record
TN:
SF:C:\Users\Administrator\Downloads\project\GreedyIsland\contracts\core\Character.sol
FN:25,constructor
FN:27,summon
FN:40,level_up
FN:49,change_name
FN:55,spend_xp
FN:60,xp_required
FN:71,events_status
FN:79,hunter_info
FNF:8
FNH:3
FNDA:3,constructor
FNDA:1,summon
FNDA:0,level_up
FNDA:0,change_name
FNDA:0,spend_xp
FNDA:0,xp_required
FNDA:0,events_status
FNDA:1,hunter_info
DA:28,1
DA:30,1
DA:31,1
DA:32,1
DA:33,1
DA:35,1
DA:36,1
DA:37,1
DA:41,0
DA:42,0
DA:43,0
DA:44,0
DA:45,0
DA:46,0
DA:50,0
DA:51,0
DA:52,0
DA:56,0
DA:57,0
DA:65,0
DA:66,0
DA:67,0
DA:76,0
DA:88,1
DA:89,1
DA:90,1
LF:26
LH:11
BRDA:28,1,0,1
BRDA:28,1,1,0
BRDA:41,2,0,0
BRDA:41,2,1,0
BRDA:50,3,0,0
BRDA:50,3,1,0
BRDA:56,4,0,0
BRDA:56,4,1,0
BRF:8
BRH:1
end_of_record
TN:
SF:C:\Users\Administrator\Downloads\project\GreedyIsland\contracts\core\Events.sol
FN:70,generate_events
FN:79,get_events
FN:116,_isApprovedOrOwner
FNF:3
FNH:0
FNDA:0,generate_events
FNDA:0,get_events
FNDA:0,_isApprovedOrOwner
DA:71,0
DA:72,0
DA:73,0
DA:74,0
DA:75,0
DA:80,0
DA:117,0
LF:7
LH:0
BRDA:71,1,0,0
BRDA:71,1,1,0
BRDA:118,2,0,0
BRDA:118,2,1,0
BRF:4
BRH:0
end_of_record
